<?xml version="1.0" encoding="UTF-8"?>
<!-- Generated by org.testng.reporters.JUnitXMLReporter -->
<testsuite hostname="Paul" name="Default test" tests="10" failures="0" timestamp="27 Oct 2013 14:31:15 GMT" time="0.034" errors="0">
  <testcase name="add_variousValues_returnCorrectSum" time="0.009" classname="common.VelocityTest"/>
  <testcase name="add_variousValues_returnCorrectSum" time="0.001" classname="common.VelocityTest"/>
  <testcase name="add_variousValues_returnCorrectSum" time="0.001" classname="common.VelocityTest"/>
  <testcase name="add_variousValues_returnCorrectSum" time="0.0" classname="common.VelocityTest"/>
  <testcase name="add_variousValues_returnCorrectSum" time="0.001" classname="common.VelocityTest"/>
  <testcase name="add_variousValues_returnCorrectSum" time="0.001" classname="common.VelocityTest"/>
  <testcase name="add_variousValues_returnCorrectSum" time="0.0" classname="common.VelocityTest"/>
  <testcase name="add_variousValues_returnCorrectSum" time="0.001" classname="common.VelocityTest"/>
  <testcase name="add_variousValues_returnCorrectSum" time="0.001" classname="common.VelocityTest"/>
  <testcase name="add_variousValues_returnCorrectSum" time="0.001" classname="common.VelocityTest"/>
</testsuite> <!-- Default test -->
