<?xml version="1.0" encoding="UTF-8"?>
<testng-results skipped="0" failed="0" total="10" passed="10">
  <reporter-output>
  </reporter-output>
  <suite name="Default suite" duration-ms="34" started-at="2013-10-27T14:31:15Z" finished-at="2013-10-27T14:31:15Z">
    <groups>
    </groups>
    <test name="Default test" duration-ms="34" started-at="2013-10-27T14:31:15Z" finished-at="2013-10-27T14:31:15Z">
      <class name="common.VelocityTest">
        <test-method status="PASS" signature="add_variousValues_returnCorrectSum(common.Velocity, common.Velocity, common.Velocity)[pri:0, instance:common.VelocityTest@35b0c0b8]" name="add_variousValues_returnCorrectSum" duration-ms="9" started-at="2013-10-27T15:31:15Z" data-provider="addTestValues" finished-at="2013-10-27T15:31:15Z">
          <params>
            <param index="0">
              <value>
                <![CDATA[common.Velocity@3c1]]>
              </value>
            </param>
            <param index="1">
              <value>
                <![CDATA[common.Velocity@3c1]]>
              </value>
            </param>
            <param index="2">
              <value>
                <![CDATA[common.Velocity@3c1]]>
              </value>
            </param>
          </params>
          <reporter-output>
          </reporter-output>
        </test-method> <!-- add_variousValues_returnCorrectSum -->
        <test-method status="PASS" signature="add_variousValues_returnCorrectSum(common.Velocity, common.Velocity, common.Velocity)[pri:0, instance:common.VelocityTest@35b0c0b8]" name="add_variousValues_returnCorrectSum" duration-ms="1" started-at="2013-10-27T15:31:15Z" data-provider="addTestValues" finished-at="2013-10-27T15:31:15Z">
          <params>
            <param index="0">
              <value>
                <![CDATA[common.Velocity@be1003c1]]>
              </value>
            </param>
            <param index="1">
              <value>
                <![CDATA[common.Velocity@3c1]]>
              </value>
            </param>
            <param index="2">
              <value>
                <![CDATA[common.Velocity@be1003c1]]>
              </value>
            </param>
          </params>
          <reporter-output>
          </reporter-output>
        </test-method> <!-- add_variousValues_returnCorrectSum -->
        <test-method status="PASS" signature="add_variousValues_returnCorrectSum(common.Velocity, common.Velocity, common.Velocity)[pri:0, instance:common.VelocityTest@35b0c0b8]" name="add_variousValues_returnCorrectSum" duration-ms="1" started-at="2013-10-27T15:31:15Z" data-provider="addTestValues" finished-at="2013-10-27T15:31:15Z">
          <params>
            <param index="0">
              <value>
                <![CDATA[common.Velocity@3ff003c1]]>
              </value>
            </param>
            <param index="1">
              <value>
                <![CDATA[common.Velocity@3c1]]>
              </value>
            </param>
            <param index="2">
              <value>
                <![CDATA[common.Velocity@3ff003c1]]>
              </value>
            </param>
          </params>
          <reporter-output>
          </reporter-output>
        </test-method> <!-- add_variousValues_returnCorrectSum -->
        <test-method status="PASS" signature="add_variousValues_returnCorrectSum(common.Velocity, common.Velocity, common.Velocity)[pri:0, instance:common.VelocityTest@35b0c0b8]" name="add_variousValues_returnCorrectSum" duration-ms="0" started-at="2013-10-27T15:31:15Z" data-provider="addTestValues" finished-at="2013-10-27T15:31:15Z">
          <params>
            <param index="0">
              <value>
                <![CDATA[common.Velocity@fe0003c1]]>
              </value>
            </param>
            <param index="1">
              <value>
                <![CDATA[common.Velocity@3c1]]>
              </value>
            </param>
            <param index="2">
              <value>
                <![CDATA[common.Velocity@fe0003c1]]>
              </value>
            </param>
          </params>
          <reporter-output>
          </reporter-output>
        </test-method> <!-- add_variousValues_returnCorrectSum -->
        <test-method status="PASS" signature="add_variousValues_returnCorrectSum(common.Velocity, common.Velocity, common.Velocity)[pri:0, instance:common.VelocityTest@35b0c0b8]" name="add_variousValues_returnCorrectSum" duration-ms="1" started-at="2013-10-27T15:31:15Z" data-provider="addTestValues" finished-at="2013-10-27T15:31:15Z">
          <params>
            <param index="0">
              <value>
                <![CDATA[common.Velocity@3c1]]>
              </value>
            </param>
            <param index="1">
              <value>
                <![CDATA[common.Velocity@c45c03c1]]>
              </value>
            </param>
            <param index="2">
              <value>
                <![CDATA[common.Velocity@c45c03c1]]>
              </value>
            </param>
          </params>
          <reporter-output>
          </reporter-output>
        </test-method> <!-- add_variousValues_returnCorrectSum -->
        <test-method status="PASS" signature="add_variousValues_returnCorrectSum(common.Velocity, common.Velocity, common.Velocity)[pri:0, instance:common.VelocityTest@35b0c0b8]" name="add_variousValues_returnCorrectSum" duration-ms="1" started-at="2013-10-27T15:31:15Z" data-provider="addTestValues" finished-at="2013-10-27T15:31:15Z">
          <params>
            <param index="0">
              <value>
                <![CDATA[common.Velocity@3c1]]>
              </value>
            </param>
            <param index="1">
              <value>
                <![CDATA[common.Velocity@402403c1]]>
              </value>
            </param>
            <param index="2">
              <value>
                <![CDATA[common.Velocity@402403c1]]>
              </value>
            </param>
          </params>
          <reporter-output>
          </reporter-output>
        </test-method> <!-- add_variousValues_returnCorrectSum -->
        <test-method status="PASS" signature="add_variousValues_returnCorrectSum(common.Velocity, common.Velocity, common.Velocity)[pri:0, instance:common.VelocityTest@35b0c0b8]" name="add_variousValues_returnCorrectSum" duration-ms="0" started-at="2013-10-27T15:31:15Z" data-provider="addTestValues" finished-at="2013-10-27T15:31:15Z">
          <params>
            <param index="0">
              <value>
                <![CDATA[common.Velocity@3c1]]>
              </value>
            </param>
            <param index="1">
              <value>
                <![CDATA[common.Velocity@48003c1]]>
              </value>
            </param>
            <param index="2">
              <value>
                <![CDATA[common.Velocity@48003c1]]>
              </value>
            </param>
          </params>
          <reporter-output>
          </reporter-output>
        </test-method> <!-- add_variousValues_returnCorrectSum -->
        <test-method status="PASS" signature="add_variousValues_returnCorrectSum(common.Velocity, common.Velocity, common.Velocity)[pri:0, instance:common.VelocityTest@35b0c0b8]" name="add_variousValues_returnCorrectSum" duration-ms="1" started-at="2013-10-27T15:31:15Z" data-provider="addTestValues" finished-at="2013-10-27T15:31:15Z">
          <params>
            <param index="0">
              <value>
                <![CDATA[common.Velocity@3c1]]>
              </value>
            </param>
            <param index="1">
              <value>
                <![CDATA[common.Velocity@c02403c1]]>
              </value>
            </param>
            <param index="2">
              <value>
                <![CDATA[common.Velocity@c02403c1]]>
              </value>
            </param>
          </params>
          <reporter-output>
          </reporter-output>
        </test-method> <!-- add_variousValues_returnCorrectSum -->
        <test-method status="PASS" signature="add_variousValues_returnCorrectSum(common.Velocity, common.Velocity, common.Velocity)[pri:0, instance:common.VelocityTest@35b0c0b8]" name="add_variousValues_returnCorrectSum" duration-ms="1" started-at="2013-10-27T15:31:15Z" data-provider="addTestValues" finished-at="2013-10-27T15:31:15Z">
          <params>
            <param index="0">
              <value>
                <![CDATA[common.Velocity@3c1]]>
              </value>
            </param>
            <param index="1">
              <value>
                <![CDATA[common.Velocity@445c03c1]]>
              </value>
            </param>
            <param index="2">
              <value>
                <![CDATA[common.Velocity@445c03c1]]>
              </value>
            </param>
          </params>
          <reporter-output>
          </reporter-output>
        </test-method> <!-- add_variousValues_returnCorrectSum -->
        <test-method status="PASS" signature="add_variousValues_returnCorrectSum(common.Velocity, common.Velocity, common.Velocity)[pri:0, instance:common.VelocityTest@35b0c0b8]" name="add_variousValues_returnCorrectSum" duration-ms="1" started-at="2013-10-27T15:31:15Z" data-provider="addTestValues" finished-at="2013-10-27T15:31:15Z">
          <params>
            <param index="0">
              <value>
                <![CDATA[common.Velocity@445c03c1]]>
              </value>
            </param>
            <param index="1">
              <value>
                <![CDATA[common.Velocity@c45c03c1]]>
              </value>
            </param>
            <param index="2">
              <value>
                <![CDATA[common.Velocity@3c1]]>
              </value>
            </param>
          </params>
          <reporter-output>
          </reporter-output>
        </test-method> <!-- add_variousValues_returnCorrectSum -->
      </class> <!-- common.VelocityTest -->
    </test> <!-- Default test -->
  </suite> <!-- Default suite -->
</testng-results>
